# JRE version: Java(TM) SE Runtime Environment (14.0.1+7) (build 14.0.1+7)
# Java VM: Java HotSpot(TM) 64-Bit Server VM (14.0.1+7, mixed mode, sharing, tiered, compressed oops, parallel gc, bsd-amd64)
Heap:
 PSYoungGen      total 5120K, used 4203K [0x00000007eab00000, 0x00000007eb280000, 0x0000000800000000)
  eden space 4608K, 90% used [0x00000007eab00000,0x00000007eaf12f20,0x00000007eaf80000)
  from space 512K, 6% used [0x00000007eb200000,0x00000007eb208000,0x00000007eb280000)
  to   space 512K, 0% used [0x00000007eb180000,0x00000007eb180000,0x00000007eb200000)
 ParOldGen       total 130560K, used 103892K [0x00000007c0000000, 0x00000007c7f80000, 0x00000007eab00000)
  object space 130560K, 79% used [0x00000007c0000000,0x00000007c6575348,0x00000007c7f80000)
 Metaspace       used 69238K, capacity 72284K, committed 72576K, reserved 1114112K
  class space    used 7097K, capacity 8270K, committed 8320K, reserved 1048576K
GC Heap History (20 events):
Event: 17553.101 GC heap before
{Heap before GC invocations=1382 (full 47):
 PSYoungGen      total 5120K, used 4704K [0x00000007eab00000, 0x00000007eb280000, 0x0000000800000000)
  eden space 4608K, 100% used [0x00000007eab00000,0x00000007eaf80000,0x00000007eaf80000)
  from space 512K, 18% used [0x00000007eb200000,0x00000007eb218000,0x00000007eb280000)
  to   space 512K, 0% used [0x00000007eb180000,0x00000007eb180000,0x00000007eb200000)
 ParOldGen       total 130560K, used 103868K [0x00000007c0000000, 0x00000007c7f80000, 0x00000007eab00000)
  object space 130560K, 79% used [0x00000007c0000000,0x00000007c656f348,0x00000007c7f80000)
 Metaspace       used 69237K, capacity 72284K, committed 72576K, reserved 1114112K
  class space    used 7097K, capacity 8270K, committed 8320K, reserved 1048576K
}
Event: 17553.102 GC heap after
{Heap after GC invocations=1382 (full 47):
 PSYoungGen      total 5120K, used 128K [0x00000007eab00000, 0x00000007eb280000, 0x0000000800000000)
  eden space 4608K, 0% used [0x00000007eab00000,0x00000007eab00000,0x00000007eaf80000)
  from space 512K, 25% used [0x00000007eb180000,0x00000007eb1a0000,0x00000007eb200000)
  to   space 512K, 0% used [0x00000007eb200000,0x00000007eb200000,0x00000007eb280000)
 ParOldGen       total 130560K, used 103868K [0x00000007c0000000, 0x00000007c7f80000, 0x00000007eab00000)
  object space 130560K, 79% used [0x00000007c0000000,0x00000007c656f348,0x00000007c7f80000)
 Metaspace       used 69237K, capacity 72284K, committed 72576K, reserved 1114112K
  class space    used 7097K, capacity 8270K, committed 8320K, reserved 1048576K
}
Event: 19193.603 GC heap before
{Heap before GC invocations=1383 (full 47):
 PSYoungGen      total 5120K, used 4729K [0x00000007eab00000, 0x00000007eb280000, 0x0000000800000000)
  eden space 4608K, 99% used [0x00000007eab00000,0x00000007eaf7e448,0x00000007eaf80000)
  from space 512K, 25% used [0x00000007eb180000,0x00000007eb1a0000,0x00000007eb200000)
  to   space 512K, 0% used [0x00000007eb200000,0x00000007eb200000,0x00000007eb280000)
 ParOldGen       total 130560K, used 103868K [0x00000007c0000000, 0x00000007c7f80000, 0x00000007eab00000)
  object space 130560K, 79% used [0x00000007c0000000,0x00000007c656f348,0x00000007c7f80000)
 Metaspace       used 69237K, capacity 72284K, committed 72576K, reserved 1114112K
  class space    used 7097K, capacity 8270K, committed 8320K, reserved 1048576K
}
Event: 19193.604 GC heap after
{Heap after GC invocations=1383 (full 47):
 PSYoungGen      total 5120K, used 96K [0x00000007eab00000, 0x00000007eb280000, 0x0000000800000000)
  eden space 4608K, 0% used [0x00000007eab00000,0x00000007eab00000,0x00000007eaf80000)
  from space 512K, 18% used [0x00000007eb200000,0x00000007eb218000,0x00000007eb280000)
  to   space 512K, 0% used [0x00000007eb180000,0x00000007eb180000,0x00000007eb200000)
 ParOldGen       total 130560K, used 103868K [0x00000007c0000000, 0x00000007c7f80000, 0x00000007eab00000)
  object space 130560K, 79% used [0x00000007c0000000,0x00000007c656f348,0x00000007c7f80000)
 Metaspace       used 69237K, capacity 72284K, committed 72576K, reserved 1114112K
  class space    used 7097K, capacity 8270K, committed 8320K, reserved 1048576K
}
Event: 20821.767 GC heap before
{Heap before GC invocations=1384 (full 47):
 PSYoungGen      total 5120K, used 4704K [0x00000007eab00000, 0x00000007eb280000, 0x0000000800000000)
  eden space 4608K, 100% used [0x00000007eab00000,0x00000007eaf80000,0x00000007eaf80000)
  from space 512K, 18% used [0x00000007eb200000,0x00000007eb218000,0x00000007eb280000)
  to   space 512K, 0% used [0x00000007eb180000,0x00000007eb180000,0x00000007eb200000)
 ParOldGen       total 130560K, used 103868K [0x00000007c0000000, 0x00000007c7f80000, 0x00000007eab00000)
  object space 130560K, 79% used [0x00000007c0000000,0x00000007c656f348,0x00000007c7f80000)
 Metaspace       used 69238K, capacity 72284K, committed 72576K, reserved 1114112K
  class space    used 7097K, capacity 8270K, committed 8320K, reserved 1048576K
}
Event: 20821.817 GC heap after
{Heap after GC invocations=1384 (full 47):
 PSYoungGen      total 5120K, used 64K [0x00000007eab00000, 0x00000007eb280000, 0x0000000800000000)
  eden space 4608K, 0% used [0x00000007eab00000,0x00000007eab00000,0x00000007eaf80000)
  from space 512K, 12% used [0x00000007eb180000,0x00000007eb190000,0x00000007eb200000)
  to   space 512K, 0% used [0x00000007eb200000,0x00000007eb200000,0x00000007eb280000)
 ParOldGen       total 130560K, used 103868K [0x00000007c0000000, 0x00000007c7f80000, 0x00000007eab00000)
  object space 130560K, 79% used [0x00000007c0000000,0x00000007c656f348,0x00000007c7f80000)
 Metaspace       used 69238K, capacity 72284K, committed 72576K, reserved 1114112K
  class space    used 7097K, capacity 8270K, committed 8320K, reserved 1048576K
}
Event: 22453.366 GC heap before
{Heap before GC invocations=1385 (full 47):
 PSYoungGen      total 5120K, used 4665K [0x00000007eab00000, 0x00000007eb280000, 0x0000000800000000)
  eden space 4608K, 99% used [0x00000007eab00000,0x00000007eaf7e7c0,0x00000007eaf80000)
  from space 512K, 12% used [0x00000007eb180000,0x00000007eb190000,0x00000007eb200000)
  to   space 512K, 0% used [0x00000007eb200000,0x00000007eb200000,0x00000007eb280000)
 ParOldGen       total 130560K, used 103868K [0x00000007c0000000, 0x00000007c7f80000, 0x00000007eab00000)
  object space 130560K, 79% used [0x00000007c0000000,0x00000007c656f348,0x00000007c7f80000)
 Metaspace       used 69238K, capacity 72284K, committed 72576K, reserved 1114112K
  class space    used 7097K, capacity 8270K, committed 8320K, reserved 1048576K
}
Event: 22453.373 GC heap after
{Heap after GC invocations=1385 (full 47):
 PSYoungGen      total 5120K, used 128K [0x00000007eab00000, 0x00000007eb280000, 0x0000000800000000)
  eden space 4608K, 0% used [0x00000007eab00000,0x00000007eab00000,0x00000007eaf80000)
  from space 512K, 25% used [0x00000007eb200000,0x00000007eb220000,0x00000007eb280000)
  to   space 512K, 0% used [0x00000007eb180000,0x00000007eb180000,0x00000007eb200000)
 ParOldGen       total 130560K, used 103868K [0x00000007c0000000, 0x00000007c7f80000, 0x00000007eab00000)
  object space 130560K, 79% used [0x00000007c0000000,0x00000007c656f348,0x00000007c7f80000)
 Metaspace       used 69238K, capacity 72284K, committed 72576K, reserved 1114112K
  class space    used 7097K, capacity 8270K, committed 8320K, reserved 1048576K
}
Event: 24141.477 GC heap before
{Heap before GC invocations=1386 (full 47):
 PSYoungGen      total 5120K, used 4736K [0x00000007eab00000, 0x00000007eb280000, 0x0000000800000000)
  eden space 4608K, 100% used [0x00000007eab00000,0x00000007eaf80000,0x00000007eaf80000)
  from space 512K, 25% used [0x00000007eb200000,0x00000007eb220000,0x00000007eb280000)
  to   space 512K, 0% used [0x00000007eb180000,0x00000007eb180000,0x00000007eb200000)
 ParOldGen       total 130560K, used 103868K [0x00000007c0000000, 0x00000007c7f80000, 0x00000007eab00000)
  object space 130560K, 79% used [0x00000007c0000000,0x00000007c656f348,0x00000007c7f80000)
 Metaspace       used 69238K, capacity 72284K, committed 72576K, reserved 1114112K
  class space    used 7097K, capacity 8270K, committed 8320K, reserved 1048576K
}
Event: 24141.541 GC heap after
{Heap after GC invocations=1386 (full 47):
 PSYoungGen      total 5120K, used 64K [0x00000007eab00000, 0x00000007eb280000, 0x0000000800000000)
  eden space 4608K, 0% used [0x00000007eab00000,0x00000007eab00000,0x00000007eaf80000)
  from space 512K, 12% used [0x00000007eb180000,0x00000007eb190000,0x00000007eb200000)
  to   space 512K, 0% used [0x00000007eb200000,0x00000007eb200000,0x00000007eb280000)
 ParOldGen       total 130560K, used 103868K [0x00000007c0000000, 0x00000007c7f80000, 0x00000007eab00000)
  object space 130560K, 79% used [0x00000007c0000000,0x00000007c656f348,0x00000007c7f80000)
 Metaspace       used 69238K, capacity 72284K, committed 72576K, reserved 1114112K
  class space    used 7097K, capacity 8270K, committed 8320K, reserved 1048576K
}
Event: 25766.102 GC heap before
{Heap before GC invocations=1387 (full 47):
 PSYoungGen      total 5120K, used 4672K [0x00000007eab00000, 0x00000007eb280000, 0x0000000800000000)
  eden space 4608K, 100% used [0x00000007eab00000,0x00000007eaf80000,0x00000007eaf80000)
  from space 512K, 12% used [0x00000007eb180000,0x00000007eb190000,0x00000007eb200000)
  to   space 512K, 0% used [0x00000007eb200000,0x00000007eb200000,0x00000007eb280000)
 ParOldGen       total 130560K, used 103868K [0x00000007c0000000, 0x00000007c7f80000, 0x00000007eab00000)
  object space 130560K, 79% used [0x00000007c0000000,0x00000007c656f348,0x00000007c7f80000)
 Metaspace       used 69238K, capacity 72284K, committed 72576K, reserved 1114112K
  class space    used 7097K, capacity 8270K, committed 8320K, reserved 1048576K
}
Event: 25766.103 GC heap after
{Heap after GC invocations=1387 (full 47):
 PSYoungGen      total 5120K, used 96K [0x00000007eab00000, 0x00000007eb280000, 0x0000000800000000)
  eden space 4608K, 0% used [0x00000007eab00000,0x00000007eab00000,0x00000007eaf80000)
  from space 512K, 18% used [0x00000007eb200000,0x00000007eb218000,0x00000007eb280000)
  to   space 512K, 0% used [0x00000007eb180000,0x00000007eb180000,0x00000007eb200000)
 ParOldGen       total 130560K, used 103868K [0x00000007c0000000, 0x00000007c7f80000, 0x00000007eab00000)
  object space 130560K, 79% used [0x00000007c0000000,0x00000007c656f348,0x00000007c7f80000)
 Metaspace       used 69238K, capacity 72284K, committed 72576K, reserved 1114112K
  class space    used 7097K, capacity 8270K, committed 8320K, reserved 1048576K
}
Event: 27398.103 GC heap before
{Heap before GC invocations=1388 (full 47):
 PSYoungGen      total 5120K, used 4704K [0x00000007eab00000, 0x00000007eb280000, 0x0000000800000000)
  eden space 4608K, 100% used [0x00000007eab00000,0x00000007eaf80000,0x00000007eaf80000)
  from space 512K, 18% used [0x00000007eb200000,0x00000007eb218000,0x00000007eb280000)
  to   space 512K, 0% used [0x00000007eb180000,0x00000007eb180000,0x00000007eb200000)
 ParOldGen       total 130560K, used 103868K [0x00000007c0000000, 0x00000007c7f80000, 0x00000007eab00000)
  object space 130560K, 79% used [0x00000007c0000000,0x00000007c656f348,0x00000007c7f80000)
 Metaspace       used 69238K, capacity 72284K, committed 72576K, reserved 1114112K
  class space    used 7097K, capacity 8270K, committed 8320K, reserved 1048576K
}
Event: 27398.108 GC heap after
{Heap after GC invocations=1388 (full 47):
 PSYoungGen      total 5120K, used 128K [0x00000007eab00000, 0x00000007eb280000, 0x0000000800000000)
  eden space 4608K, 0% used [0x00000007eab00000,0x00000007eab00000,0x00000007eaf80000)
  from space 512K, 25% used [0x00000007eb180000,0x00000007eb1a0000,0x00000007eb200000)
  to   space 512K, 0% used [0x00000007eb200000,0x00000007eb200000,0x00000007eb280000)
 ParOldGen       total 130560K, used 103868K [0x00000007c0000000, 0x00000007c7f80000, 0x00000007eab00000)
  object space 130560K, 79% used [0x00000007c0000000,0x00000007c656f348,0x00000007c7f80000)
 Metaspace       used 69238K, capacity 72284K, committed 72576K, reserved 1114112K
  class space    used 7097K, capacity 8270K, committed 8320K, reserved 1048576K
}
Event: 29022.098 GC heap before
{Heap before GC invocations=1389 (full 47):
 PSYoungGen      total 5120K, used 4736K [0x00000007eab00000, 0x00000007eb280000, 0x0000000800000000)
  eden space 4608K, 100% used [0x00000007eab00000,0x00000007eaf80000,0x00000007eaf80000)
  from space 512K, 25% used [0x00000007eb180000,0x00000007eb1a0000,0x00000007eb200000)
  to   space 512K, 0% used [0x00000007eb200000,0x00000007eb200000,0x00000007eb280000)
 ParOldGen       total 130560K, used 103868K [0x00000007c0000000, 0x00000007c7f80000, 0x00000007eab00000)
  object space 130560K, 79% used [0x00000007c0000000,0x00000007c656f348,0x00000007c7f80000)
 Metaspace       used 69238K, capacity 72284K, committed 72576K, reserved 1114112K
  class space    used 7097K, capacity 8270K, committed 8320K, reserved 1048576K
}
Event: 29022.100 GC heap after
{Heap after GC invocations=1389 (full 47):
 PSYoungGen      total 5120K, used 128K [0x00000007eab00000, 0x00000007eb280000, 0x0000000800000000)
  eden space 4608K, 0% used [0x00000007eab00000,0x00000007eab00000,0x00000007eaf80000)
  from space 512K, 25% used [0x00000007eb200000,0x00000007eb220000,0x00000007eb280000)
  to   space 512K, 0% used [0x00000007eb180000,0x00000007eb180000,0x00000007eb200000)
 ParOldGen       total 130560K, used 103868K [0x00000007c0000000, 0x00000007c7f80000, 0x00000007eab00000)
  object space 130560K, 79% used [0x00000007c0000000,0x00000007c656f348,0x00000007c7f80000)
 Metaspace       used 69238K, capacity 72284K, committed 72576K, reserved 1114112K
  class space    used 7097K, capacity 8270K, committed 8320K, reserved 1048576K
}
Event: 30688.141 GC heap before
{Heap before GC invocations=1390 (full 47):
 PSYoungGen      total 5120K, used 4730K [0x00000007eab00000, 0x00000007eb280000, 0x0000000800000000)
  eden space 4608K, 99% used [0x00000007eab00000,0x00000007eaf7ea88,0x00000007eaf80000)
  from space 512K, 25% used [0x00000007eb200000,0x00000007eb220000,0x00000007eb280000)
  to   space 512K, 0% used [0x00000007eb180000,0x00000007eb180000,0x00000007eb200000)
 ParOldGen       total 130560K, used 103868K [0x00000007c0000000, 0x00000007c7f80000, 0x00000007eab00000)
  object space 130560K, 79% used [0x00000007c0000000,0x00000007c656f348,0x00000007c7f80000)
 Metaspace       used 69238K, capacity 72284K, committed 72576K, reserved 1114112K
  class space    used 7097K, capacity 8270K, committed 8320K, reserved 1048576K
}
Event: 30688.146 GC heap after
{Heap after GC invocations=1390 (full 47):
 PSYoungGen      total 5120K, used 96K [0x00000007eab00000, 0x00000007eb280000, 0x0000000800000000)
  eden space 4608K, 0% used [0x00000007eab00000,0x00000007eab00000,0x00000007eaf80000)
  from space 512K, 18% used [0x00000007eb180000,0x00000007eb198000,0x00000007eb200000)
  to   space 512K, 0% used [0x00000007eb200000,0x00000007eb200000,0x00000007eb280000)
 ParOldGen       total 130560K, used 103884K [0x00000007c0000000, 0x00000007c7f80000, 0x00000007eab00000)
  object space 130560K, 79% used [0x00000007c0000000,0x00000007c6573348,0x00000007c7f80000)
 Metaspace       used 69238K, capacity 72284K, committed 72576K, reserved 1114112K
  class space    used 7097K, capacity 8270K, committed 8320K, reserved 1048576K
}
Event: 32321.102 GC heap before
{Heap before GC invocations=1391 (full 47):
 PSYoungGen      total 5120K, used 4704K [0x00000007eab00000, 0x00000007eb280000, 0x0000000800000000)
  eden space 4608K, 100% used [0x00000007eab00000,0x00000007eaf80000,0x00000007eaf80000)
  from space 512K, 18% used [0x00000007eb180000,0x00000007eb198000,0x00000007eb200000)
  to   space 512K, 0% used [0x00000007eb200000,0x00000007eb200000,0x00000007eb280000)
 ParOldGen       total 130560K, used 103884K [0x00000007c0000000, 0x00000007c7f80000, 0x00000007eab00000)
  object space 130560K, 79% used [0x00000007c0000000,0x00000007c6573348,0x00000007c7f80000)
 Metaspace       used 69238K, capacity 72284K, committed 72576K, reserved 1114112K
  class space    used 7097K, capacity 8270K, committed 8320K, reserved 1048576K
}
Event: 32321.107 GC heap after
{Heap after GC invocations=1391 (full 47):
 PSYoungGen      total 5120K, used 32K [0x00000007eab00000, 0x00000007eb280000, 0x0000000800000000)
  eden space 4608K, 0% used [0x00000007eab00000,0x00000007eab00000,0x00000007eaf80000)
  from space 512K, 6% used [0x00000007eb200000,0x00000007eb208000,0x00000007eb280000)
  to   space 512K, 0% used [0x00000007eb180000,0x00000007eb180000,0x00000007eb200000)
 ParOldGen       total 130560K, used 103892K [0x00000007c0000000, 0x00000007c7f80000, 0x00000007eab00000)
  object space 130560K, 79% used [0x00000007c0000000,0x00000007c6575348,0x00000007c7f80000)
 Metaspace       used 69238K, capacity 72284K, committed 72576K, reserved 1114112K
  class space    used 7097K, capacity 8270K, committed 8320K, reserved 1048576K
}

